# JRE version: OpenJDK Runtime Environment (8.0_212-b04) (build 1.8.0_212-release-1586-b04)
# Java VM: OpenJDK 64-Bit Server VM (25.212-b04 mixed mode windows-amd64 compressed oops)
Heap:
 PSYoungGen      total 432640K, used 56417K [0x00000000e0000000, 0x00000000ffa00000, 0x0000000100000000)
  eden space 408576K, 7% used [0x00000000e0000000,0x00000000e1f99430,0x00000000f8f00000)
  from space 24064K, 99% used [0x00000000f8f00000,0x00000000fa67eff0,0x00000000fa680000)
  to   space 31232K, 0% used [0x00000000fdb80000,0x00000000fdb80000,0x00000000ffa00000)
 ParOldGen       total 140288K, used 50794K [0x00000000a0000000, 0x00000000a8900000, 0x00000000e0000000)
  object space 140288K, 36% used [0x00000000a0000000,0x00000000a319a998,0x00000000a8900000)
 Metaspace       used 71237K, capacity 74328K, committed 74456K, reserved 1116160K
  class space    used 9620K, capacity 10223K, committed 10240K, reserved 1048576K
GC Heap History (10 events):
Event: 10.701 GC heap before
{Heap before GC invocations=8 (full 1):
 PSYoungGen      total 250368K, used 88188K [0x00000000e0000000, 0x00000000f1d80000, 0x0000000100000000)
  eden space 237568K, 31% used [0x00000000e0000000,0x00000000e49ba8e8,0x00000000ee800000)
  from space 12800K, 99% used [0x00000000f1100000,0x00000000f1d649e0,0x00000000f1d80000)
  to   space 15360K, 0% used [0x00000000eff80000,0x00000000eff80000,0x00000000f0e80000)
 ParOldGen       total 54784K, used 7708K [0x00000000a0000000, 0x00000000a3580000, 0x00000000e0000000)
  object space 54784K, 14% used [0x00000000a0000000,0x00000000a07870b0,0x00000000a3580000)
 Metaspace       used 34620K, capacity 35408K, committed 35456K, reserved 1079296K
  class space    used 4760K, capacity 4977K, committed 4992K, reserved 1048576K
Event: 10.719 GC heap after
Heap after GC invocations=8 (full 1):
 PSYoungGen      total 276992K, used 11251K [0x00000000e0000000, 0x00000000fbe00000, 0x0000000100000000)
  eden space 261632K, 0% used [0x00000000e0000000,0x00000000e0000000,0x00000000eff80000)
  from space 15360K, 73% used [0x00000000eff80000,0x00000000f0a7cdf0,0x00000000f0e80000)
  to   space 16384K, 0% used [0x00000000fae00000,0x00000000fae00000,0x00000000fbe00000)
 ParOldGen       total 54784K, used 7716K [0x00000000a0000000, 0x00000000a3580000, 0x00000000e0000000)
  object space 54784K, 14% used [0x00000000a0000000,0x00000000a07890b0,0x00000000a3580000)
 Metaspace       used 34620K, capacity 35408K, committed 35456K, reserved 1079296K
  class space    used 4760K, capacity 4977K, committed 4992K, reserved 1048576K
}
Event: 10.719 GC heap before
{Heap before GC invocations=9 (full 2):
 PSYoungGen      total 276992K, used 11251K [0x00000000e0000000, 0x00000000fbe00000, 0x0000000100000000)
  eden space 261632K, 0% used [0x00000000e0000000,0x00000000e0000000,0x00000000eff80000)
  from space 15360K, 73% used [0x00000000eff80000,0x00000000f0a7cdf0,0x00000000f0e80000)
  to   space 16384K, 0% used [0x00000000fae00000,0x00000000fae00000,0x00000000fbe00000)
 ParOldGen       total 54784K, used 7716K [0x00000000a0000000, 0x00000000a3580000, 0x00000000e0000000)
  object space 54784K, 14% used [0x00000000a0000000,0x00000000a07890b0,0x00000000a3580000)
 Metaspace       used 34620K, capacity 35408K, committed 35456K, reserved 1079296K
  class space    used 4760K, capacity 4977K, committed 4992K, reserved 1048576K
Event: 10.825 GC heap after
Heap after GC invocations=9 (full 2):
 PSYoungGen      total 276992K, used 0K [0x00000000e0000000, 0x00000000fbe00000, 0x0000000100000000)
  eden space 261632K, 0% used [0x00000000e0000000,0x00000000e0000000,0x00000000eff80000)
  from space 15360K, 0% used [0x00000000eff80000,0x00000000eff80000,0x00000000f0e80000)
  to   space 16384K, 0% used [0x00000000fae00000,0x00000000fae00000,0x00000000fbe00000)
 ParOldGen       total 82944K, used 17996K [0x00000000a0000000, 0x00000000a5100000, 0x00000000e0000000)
  object space 82944K, 21% used [0x00000000a0000000,0x00000000a1193218,0x00000000a5100000)
 Metaspace       used 34584K, capacity 35288K, committed 35456K, reserved 1079296K
  class space    used 4749K, capacity 4957K, committed 4992K, reserved 1048576K
}
Event: 14.186 GC heap before
{Heap before GC invocations=10 (full 2):
 PSYoungGen      total 276992K, used 238787K [0x00000000e0000000, 0x00000000fbe00000, 0x0000000100000000)
  eden space 261632K, 91% used [0x00000000e0000000,0x00000000ee930ee8,0x00000000eff80000)
  from space 15360K, 0% used [0x00000000eff80000,0x00000000eff80000,0x00000000f0e80000)
  to   space 16384K, 0% used [0x00000000fae00000,0x00000000fae00000,0x00000000fbe00000)
 ParOldGen       total 82944K, used 17996K [0x00000000a0000000, 0x00000000a5100000, 0x00000000e0000000)
  object space 82944K, 21% used [0x00000000a0000000,0x00000000a1193218,0x00000000a5100000)
 Metaspace       used 57150K, capacity 58882K, committed 59096K, reserved 1099776K
  class space    used 7777K, capacity 8176K, committed 8192K, reserved 1048576K
Event: 14.252 GC heap after
Heap after GC invocations=10 (full 2):
 PSYoungGen      total 417792K, used 16366K [0x00000000e0000000, 0x00000000fbe00000, 0x0000000100000000)
  eden space 401408K, 0% used [0x00000000e0000000,0x00000000e0000000,0x00000000f8800000)
  from space 16384K, 99% used [0x00000000fae00000,0x00000000fbdfb968,0x00000000fbe00000)
  to   space 24064K, 0% used [0x00000000f8f00000,0x00000000f8f00000,0x00000000fa680000)
 ParOldGen       total 82944K, used 30451K [0x00000000a0000000, 0x00000000a5100000, 0x00000000e0000000)
  object space 82944K, 36% used [0x00000000a0000000,0x00000000a1dbceb0,0x00000000a5100000)
 Metaspace       used 57150K, capacity 58882K, committed 59096K, reserved 1099776K
  class space    used 7777K, capacity 8176K, committed 8192K, reserved 1048576K
}
Event: 14.252 GC heap before
{Heap before GC invocations=11 (full 3):
 PSYoungGen      total 417792K, used 16366K [0x00000000e0000000, 0x00000000fbe00000, 0x0000000100000000)
  eden space 401408K, 0% used [0x00000000e0000000,0x00000000e0000000,0x00000000f8800000)
  from space 16384K, 99% used [0x00000000fae00000,0x00000000fbdfb968,0x00000000fbe00000)
  to   space 24064K, 0% used [0x00000000f8f00000,0x00000000f8f00000,0x00000000fa680000)
 ParOldGen       total 82944K, used 30451K [0x00000000a0000000, 0x00000000a5100000, 0x00000000e0000000)
  object space 82944K, 36% used [0x00000000a0000000,0x00000000a1dbceb0,0x00000000a5100000)
 Metaspace       used 57150K, capacity 58882K, committed 59096K, reserved 1099776K
  class space    used 7777K, capacity 8176K, committed 8192K, reserved 1048576K
Event: 15.189 GC heap after
Heap after GC invocations=11 (full 3):
 PSYoungGen      total 417792K, used 0K [0x00000000e0000000, 0x00000000fbe00000, 0x0000000100000000)
  eden space 401408K, 0% used [0x00000000e0000000,0x00000000e0000000,0x00000000f8800000)
  from space 16384K, 0% used [0x00000000fae00000,0x00000000fae00000,0x00000000fbe00000)
  to   space 24064K, 0% used [0x00000000f8f00000,0x00000000f8f00000,0x00000000fa680000)
 ParOldGen       total 140288K, used 43054K [0x00000000a0000000, 0x00000000a8900000, 0x00000000e0000000)
  object space 140288K, 30% used [0x00000000a0000000,0x00000000a2a0bb30,0x00000000a8900000)
 Metaspace       used 57124K, capacity 58794K, committed 59096K, reserved 1099776K
  class space    used 7771K, capacity 8168K, committed 8192K, reserved 1048576K
}
Event: 20.720 GC heap before
{Heap before GC invocations=12 (full 3):
 PSYoungGen      total 417792K, used 401408K [0x00000000e0000000, 0x00000000fbe00000, 0x0000000100000000)
  eden space 401408K, 100% used [0x00000000e0000000,0x00000000f8800000,0x00000000f8800000)
  from space 16384K, 0% used [0x00000000fae00000,0x00000000fae00000,0x00000000fbe00000)
  to   space 24064K, 0% used [0x00000000f8f00000,0x00000000f8f00000,0x00000000fa680000)
 ParOldGen       total 140288K, used 43071K [0x00000000a0000000, 0x00000000a8900000, 0x00000000e0000000)
  object space 140288K, 30% used [0x00000000a0000000,0x00000000a2a0ff38,0x00000000a8900000)
 Metaspace       used 70333K, capacity 73308K, committed 73560K, reserved 1112064K
  class space    used 9493K, capacity 10103K, committed 10112K, reserved 1048576K
Event: 20.966 GC heap after
Heap after GC invocations=12 (full 3):
 PSYoungGen      total 432640K, used 24059K [0x00000000e0000000, 0x00000000ffa00000, 0x0000000100000000)
  eden space 408576K, 0% used [0x00000000e0000000,0x00000000e0000000,0x00000000f8f00000)
  from space 24064K, 99% used [0x00000000f8f00000,0x00000000fa67eff0,0x00000000fa680000)
  to   space 31232K, 0% used [0x00000000fdb80000,0x00000000fdb80000,0x00000000ffa00000)
 ParOldGen       total 140288K, used 50794K [0x00000000a0000000, 0x00000000a8900000, 0x00000000e0000000)
  object space 140288K, 36% used [0x00000000a0000000,0x00000000a319a998,0x00000000a8900000)
 Metaspace       used 70333K, capacity 73308K, committed 73560K, reserved 1112064K
  class space    used 9493K, capacity 10103K, committed 10112K, reserved 1048576K
}

