# JRE version: OpenJDK Runtime Environment (8.0_212-b04) (build 1.8.0_212-release-1586-b04)
# Java VM: OpenJDK 64-Bit Server VM (25.212-b04 mixed mode windows-amd64 compressed oops)
Heap:
 PSYoungGen      total 172544K, used 38284K [0x00000000e0000000, 0x00000000ee300000, 0x0000000100000000)
  eden space 158208K, 15% used [0x00000000e0000000,0x00000000e1764b38,0x00000000e9a80000)
  from space 14336K, 99% used [0x00000000e9a80000,0x00000000ea87e7d0,0x00000000ea880000)
  to   space 17920K, 0% used [0x00000000ed180000,0x00000000ed180000,0x00000000ee300000)
 ParOldGen       total 100352K, used 20518K [0x00000000a0000000, 0x00000000a6200000, 0x00000000e0000000)
  object space 100352K, 20% used [0x00000000a0000000,0x00000000a1409b90,0x00000000a6200000)
 Metaspace       used 50324K, capacity 51734K, committed 52096K, reserved 1093632K
  class space    used 6812K, capacity 7184K, committed 7296K, reserved 1048576K
GC Heap History (10 events):
Event: 2.912 GC heap before
{Heap before GC invocations=7 (full 1):
 PSYoungGen      total 71680K, used 66560K [0x00000000e0000000, 0x00000000e9c00000, 0x0000000100000000)
  eden space 66560K, 100% used [0x00000000e0000000,0x00000000e4100000,0x00000000e4100000)
  from space 5120K, 0% used [0x00000000e4100000,0x00000000e4100000,0x00000000e4600000)
  to   space 13312K, 0% used [0x00000000e8f00000,0x00000000e8f00000,0x00000000e9c00000)
 ParOldGen       total 68608K, used 12303K [0x00000000a0000000, 0x00000000a4300000, 0x00000000e0000000)
  object space 68608K, 17% used [0x00000000a0000000,0x00000000a0c03d08,0x00000000a4300000)
 Metaspace       used 29211K, capacity 29776K, committed 30080K, reserved 1075200K
  class space    used 3938K, capacity 4135K, committed 4224K, reserved 1048576K
Event: 2.924 GC heap after
Heap after GC invocations=7 (full 1):
 PSYoungGen      total 111616K, used 8257K [0x00000000e0000000, 0x00000000e9780000, 0x0000000100000000)
  eden space 102912K, 0% used [0x00000000e0000000,0x00000000e0000000,0x00000000e6480000)
  from space 8704K, 94% used [0x00000000e8f00000,0x00000000e9710570,0x00000000e9780000)
  to   space 13312K, 0% used [0x00000000e7d80000,0x00000000e7d80000,0x00000000e8a80000)
 ParOldGen       total 68608K, used 12311K [0x00000000a0000000, 0x00000000a4300000, 0x00000000e0000000)
  object space 68608K, 17% used [0x00000000a0000000,0x00000000a0c05d08,0x00000000a4300000)
 Metaspace       used 29211K, capacity 29776K, committed 30080K, reserved 1075200K
  class space    used 3938K, capacity 4135K, committed 4224K, reserved 1048576K
}
Event: 3.516 GC heap before
{Heap before GC invocations=8 (full 1):
 PSYoungGen      total 111616K, used 111169K [0x00000000e0000000, 0x00000000e9780000, 0x0000000100000000)
  eden space 102912K, 100% used [0x00000000e0000000,0x00000000e6480000,0x00000000e6480000)
  from space 8704K, 94% used [0x00000000e8f00000,0x00000000e9710570,0x00000000e9780000)
  to   space 13312K, 0% used [0x00000000e7d80000,0x00000000e7d80000,0x00000000e8a80000)
 ParOldGen       total 68608K, used 12311K [0x00000000a0000000, 0x00000000a4300000, 0x00000000e0000000)
  object space 68608K, 17% used [0x00000000a0000000,0x00000000a0c05d08,0x00000000a4300000)
 Metaspace       used 33832K, capacity 34534K, committed 34560K, reserved 1079296K
  class space    used 4646K, capacity 4844K, committed 4864K, reserved 1048576K
Event: 3.524 GC heap after
Heap after GC invocations=8 (full 1):
 PSYoungGen      total 141824K, used 11073K [0x00000000e0000000, 0x00000000eb680000, 0x0000000100000000)
  eden space 128512K, 0% used [0x00000000e0000000,0x00000000e0000000,0x00000000e7d80000)
  from space 13312K, 83% used [0x00000000e7d80000,0x00000000e8850718,0x00000000e8a80000)
  to   space 14336K, 0% used [0x00000000ea880000,0x00000000ea880000,0x00000000eb680000)
 ParOldGen       total 68608K, used 12319K [0x00000000a0000000, 0x00000000a4300000, 0x00000000e0000000)
  object space 68608K, 17% used [0x00000000a0000000,0x00000000a0c07d08,0x00000000a4300000)
 Metaspace       used 33832K, capacity 34534K, committed 34560K, reserved 1079296K
  class space    used 4646K, capacity 4844K, committed 4864K, reserved 1048576K
}
Event: 3.717 GC heap before
{Heap before GC invocations=9 (full 1):
 PSYoungGen      total 141824K, used 38950K [0x00000000e0000000, 0x00000000eb680000, 0x0000000100000000)
  eden space 128512K, 21% used [0x00000000e0000000,0x00000000e1b391b8,0x00000000e7d80000)
  from space 13312K, 83% used [0x00000000e7d80000,0x00000000e8850718,0x00000000e8a80000)
  to   space 14336K, 0% used [0x00000000ea880000,0x00000000ea880000,0x00000000eb680000)
 ParOldGen       total 68608K, used 12319K [0x00000000a0000000, 0x00000000a4300000, 0x00000000e0000000)
  object space 68608K, 17% used [0x00000000a0000000,0x00000000a0c07d08,0x00000000a4300000)
 Metaspace       used 34535K, capacity 35376K, committed 35456K, reserved 1079296K
  class space    used 4750K, capacity 4973K, committed 4992K, reserved 1048576K
Event: 3.724 GC heap after
Heap after GC invocations=9 (full 1):
 PSYoungGen      total 172544K, used 9285K [0x00000000e0000000, 0x00000000ee580000, 0x0000000100000000)
  eden space 158208K, 0% used [0x00000000e0000000,0x00000000e0000000,0x00000000e9a80000)
  from space 14336K, 64% used [0x00000000ea880000,0x00000000eb1914c8,0x00000000eb680000)
  to   space 14336K, 0% used [0x00000000e9a80000,0x00000000e9a80000,0x00000000ea880000)
 ParOldGen       total 68608K, used 12327K [0x00000000a0000000, 0x00000000a4300000, 0x00000000e0000000)
  object space 68608K, 17% used [0x00000000a0000000,0x00000000a0c09d08,0x00000000a4300000)
 Metaspace       used 34535K, capacity 35376K, committed 35456K, reserved 1079296K
  class space    used 4750K, capacity 4973K, committed 4992K, reserved 1048576K
}
Event: 3.724 GC heap before
{Heap before GC invocations=10 (full 2):
 PSYoungGen      total 172544K, used 9285K [0x00000000e0000000, 0x00000000ee580000, 0x0000000100000000)
  eden space 158208K, 0% used [0x00000000e0000000,0x00000000e0000000,0x00000000e9a80000)
  from space 14336K, 64% used [0x00000000ea880000,0x00000000eb1914c8,0x00000000eb680000)
  to   space 14336K, 0% used [0x00000000e9a80000,0x00000000e9a80000,0x00000000ea880000)
 ParOldGen       total 68608K, used 12327K [0x00000000a0000000, 0x00000000a4300000, 0x00000000e0000000)
  object space 68608K, 17% used [0x00000000a0000000,0x00000000a0c09d08,0x00000000a4300000)
 Metaspace       used 34535K, capacity 35376K, committed 35456K, reserved 1079296K
  class space    used 4750K, capacity 4973K, committed 4992K, reserved 1048576K
Event: 3.785 GC heap after
Heap after GC invocations=10 (full 2):
 PSYoungGen      total 172544K, used 0K [0x00000000e0000000, 0x00000000ee580000, 0x0000000100000000)
  eden space 158208K, 0% used [0x00000000e0000000,0x00000000e0000000,0x00000000e9a80000)
  from space 14336K, 0% used [0x00000000ea880000,0x00000000ea880000,0x00000000eb680000)
  to   space 14336K, 0% used [0x00000000e9a80000,0x00000000e9a80000,0x00000000ea880000)
 ParOldGen       total 100352K, used 16167K [0x00000000a0000000, 0x00000000a6200000, 0x00000000e0000000)
  object space 100352K, 16% used [0x00000000a0000000,0x00000000a0fc9d78,0x00000000a6200000)
 Metaspace       used 34507K, capacity 35280K, committed 35456K, reserved 1079296K
  class space    used 4741K, capacity 4957K, committed 4992K, reserved 1048576K
}
Event: 4.977 GC heap before
{Heap before GC invocations=11 (full 2):
 PSYoungGen      total 172544K, used 158208K [0x00000000e0000000, 0x00000000ee580000, 0x0000000100000000)
  eden space 158208K, 100% used [0x00000000e0000000,0x00000000e9a80000,0x00000000e9a80000)
  from space 14336K, 0% used [0x00000000ea880000,0x00000000ea880000,0x00000000eb680000)
  to   space 14336K, 0% used [0x00000000e9a80000,0x00000000e9a80000,0x00000000ea880000)
 ParOldGen       total 100352K, used 16167K [0x00000000a0000000, 0x00000000a6200000, 0x00000000e0000000)
  object space 100352K, 16% used [0x00000000a0000000,0x00000000a0fc9d78,0x00000000a6200000)
 Metaspace       used 47701K, capacity 48874K, committed 49280K, reserved 1091584K
  class space    used 6383K, capacity 6672K, committed 6784K, reserved 1048576K
Event: 4.993 GC heap after
Heap after GC invocations=11 (full 2):
 PSYoungGen      total 172544K, used 14329K [0x00000000e0000000, 0x00000000ee300000, 0x0000000100000000)
  eden space 158208K, 0% used [0x00000000e0000000,0x00000000e0000000,0x00000000e9a80000)
  from space 14336K, 99% used [0x00000000e9a80000,0x00000000ea87e7d0,0x00000000ea880000)
  to   space 17920K, 0% used [0x00000000ed180000,0x00000000ed180000,0x00000000ee300000)
 ParOldGen       total 100352K, used 20518K [0x00000000a0000000, 0x00000000a6200000, 0x00000000e0000000)
  object space 100352K, 20% used [0x00000000a0000000,0x00000000a1409b90,0x00000000a6200000)
 Metaspace       used 47701K, capacity 48874K, committed 49280K, reserved 1091584K
  class space    used 6383K, capacity 6672K, committed 6784K, reserved 1048576K
}

