# JRE version: OpenJDK Runtime Environment (8.0_212-b04) (build 1.8.0_212-release-1586-b04)
# Java VM: OpenJDK 64-Bit Server VM (25.212-b04 mixed mode windows-amd64 compressed oops)
Heap:
 PSYoungGen      total 181248K, used 67928K [0x00000000e0000000, 0x00000000ecc80000, 0x0000000100000000)
  eden space 164864K, 31% used [0x00000000e0000000,0x00000000e325b898,0x00000000ea100000)
  from space 16384K, 99% used [0x00000000eb280000,0x00000000ec27ab60,0x00000000ec280000)
  to   space 17920K, 0% used [0x00000000ea100000,0x00000000ea100000,0x00000000eb280000)
 ParOldGen       total 93696K, used 54918K [0x00000000a0000000, 0x00000000a5b80000, 0x00000000e0000000)
  object space 93696K, 58% used [0x00000000a0000000,0x00000000a35a1a98,0x00000000a5b80000)
 Metaspace       used 62840K, capacity 65780K, committed 65792K, reserved 1105920K
  class space    used 8571K, capacity 9213K, committed 9216K, reserved 1048576K
GC Heap History (10 events):
Event: 7.669 GC heap before
{Heap before GC invocations=13 (full 2):
 PSYoungGen      total 143360K, used 143350K [0x00000000e0000000, 0x00000000ea080000, 0x0000000100000000)
  eden space 130560K, 100% used [0x00000000e0000000,0x00000000e7f80000,0x00000000e7f80000)
  from space 12800K, 99% used [0x00000000e9400000,0x00000000ea07db20,0x00000000ea080000)
  to   space 14848K, 0% used [0x00000000e8380000,0x00000000e8380000,0x00000000e9200000)
 ParOldGen       total 93696K, used 19173K [0x00000000a0000000, 0x00000000a5b80000, 0x00000000e0000000)
  object space 93696K, 20% used [0x00000000a0000000,0x00000000a12b9508,0x00000000a5b80000)
 Metaspace       used 54617K, capacity 56312K, committed 56576K, reserved 1097728K
  class space    used 7521K, capacity 7915K, committed 7936K, reserved 1048576K
Event: 7.688 GC heap after
Heap after GC invocations=13 (full 2):
 PSYoungGen      total 149504K, used 14383K [0x00000000e0000000, 0x00000000ec280000, 0x0000000100000000)
  eden space 134656K, 0% used [0x00000000e0000000,0x00000000e0000000,0x00000000e8380000)
  from space 14848K, 96% used [0x00000000e8380000,0x00000000e918bd68,0x00000000e9200000)
  to   space 16384K, 0% used [0x00000000eb280000,0x00000000eb280000,0x00000000ec280000)
 ParOldGen       total 93696K, used 25201K [0x00000000a0000000, 0x00000000a5b80000, 0x00000000e0000000)
  object space 93696K, 26% used [0x00000000a0000000,0x00000000a189c6d8,0x00000000a5b80000)
 Metaspace       used 54617K, capacity 56312K, committed 56576K, reserved 1097728K
  class space    used 7521K, capacity 7915K, committed 7936K, reserved 1048576K
}
Event: 8.365 GC heap before
{Heap before GC invocations=14 (full 2):
 PSYoungGen      total 149504K, used 69081K [0x00000000e0000000, 0x00000000ec280000, 0x0000000100000000)
  eden space 134656K, 40% used [0x00000000e0000000,0x00000000e356a850,0x00000000e8380000)
  from space 14848K, 96% used [0x00000000e8380000,0x00000000e918bd68,0x00000000e9200000)
  to   space 16384K, 0% used [0x00000000eb280000,0x00000000eb280000,0x00000000ec280000)
 ParOldGen       total 93696K, used 25201K [0x00000000a0000000, 0x00000000a5b80000, 0x00000000e0000000)
  object space 93696K, 26% used [0x00000000a0000000,0x00000000a189c6d8,0x00000000a5b80000)
 Metaspace       used 57158K, capacity 59026K, committed 59096K, reserved 1099776K
  class space    used 7869K, capacity 8310K, committed 8320K, reserved 1048576K
Event: 8.377 GC heap after
Heap after GC invocations=14 (full 2):
 PSYoungGen      total 181248K, used 14470K [0x00000000e0000000, 0x00000000ecc80000, 0x0000000100000000)
  eden space 164864K, 0% used [0x00000000e0000000,0x00000000e0000000,0x00000000ea100000)
  from space 16384K, 88% used [0x00000000eb280000,0x00000000ec0a1b80,0x00000000ec280000)
  to   space 17920K, 0% used [0x00000000ea100000,0x00000000ea100000,0x00000000eb280000)
 ParOldGen       total 93696K, used 25209K [0x00000000a0000000, 0x00000000a5b80000, 0x00000000e0000000)
  object space 93696K, 26% used [0x00000000a0000000,0x00000000a189e6d8,0x00000000a5b80000)
 Metaspace       used 57158K, capacity 59026K, committed 59096K, reserved 1099776K
  class space    used 7869K, capacity 8310K, committed 8320K, reserved 1048576K
}
Event: 8.377 GC heap before
{Heap before GC invocations=15 (full 3):
 PSYoungGen      total 181248K, used 14470K [0x00000000e0000000, 0x00000000ecc80000, 0x0000000100000000)
  eden space 164864K, 0% used [0x00000000e0000000,0x00000000e0000000,0x00000000ea100000)
  from space 16384K, 88% used [0x00000000eb280000,0x00000000ec0a1b80,0x00000000ec280000)
  to   space 17920K, 0% used [0x00000000ea100000,0x00000000ea100000,0x00000000eb280000)
 ParOldGen       total 93696K, used 25209K [0x00000000a0000000, 0x00000000a5b80000, 0x00000000e0000000)
  object space 93696K, 26% used [0x00000000a0000000,0x00000000a189e6d8,0x00000000a5b80000)
 Metaspace       used 57158K, capacity 59026K, committed 59096K, reserved 1099776K
  class space    used 7869K, capacity 8310K, committed 8320K, reserved 1048576K
Event: 8.608 GC heap after
Heap after GC invocations=15 (full 3):
 PSYoungGen      total 181248K, used 0K [0x00000000e0000000, 0x00000000ecc80000, 0x0000000100000000)
  eden space 164864K, 0% used [0x00000000e0000000,0x00000000e0000000,0x00000000ea100000)
  from space 16384K, 0% used [0x00000000eb280000,0x00000000eb280000,0x00000000ec280000)
  to   space 17920K, 0% used [0x00000000ea100000,0x00000000ea100000,0x00000000eb280000)
 ParOldGen       total 93696K, used 35211K [0x00000000a0000000, 0x00000000a5b80000, 0x00000000e0000000)
  object space 93696K, 37% used [0x00000000a0000000,0x00000000a2262f60,0x00000000a5b80000)
 Metaspace       used 57158K, capacity 59026K, committed 59096K, reserved 1099776K
  class space    used 7869K, capacity 8310K, committed 8320K, reserved 1048576K
}
Event: 9.916 GC heap before
{Heap before GC invocations=16 (full 3):
 PSYoungGen      total 181248K, used 164864K [0x00000000e0000000, 0x00000000ecc80000, 0x0000000100000000)
  eden space 164864K, 100% used [0x00000000e0000000,0x00000000ea100000,0x00000000ea100000)
  from space 16384K, 0% used [0x00000000eb280000,0x00000000eb280000,0x00000000ec280000)
  to   space 17920K, 0% used [0x00000000ea100000,0x00000000ea100000,0x00000000eb280000)
 ParOldGen       total 93696K, used 35211K [0x00000000a0000000, 0x00000000a5b80000, 0x00000000e0000000)
  object space 93696K, 37% used [0x00000000a0000000,0x00000000a2262f60,0x00000000a5b80000)
 Metaspace       used 61383K, capacity 64228K, committed 64384K, reserved 1103872K
  class space    used 8465K, capacity 9087K, committed 9088K, reserved 1048576K
Event: 9.931 GC heap after
Heap after GC invocations=16 (full 3):
 PSYoungGen      total 182784K, used 16769K [0x00000000e0000000, 0x00000000ecc80000, 0x0000000100000000)
  eden space 164864K, 0% used [0x00000000e0000000,0x00000000e0000000,0x00000000ea100000)
  from space 17920K, 93% used [0x00000000ea100000,0x00000000eb1605e0,0x00000000eb280000)
  to   space 16384K, 0% used [0x00000000eb280000,0x00000000eb280000,0x00000000ec280000)
 ParOldGen       total 93696K, used 35219K [0x00000000a0000000, 0x00000000a5b80000, 0x00000000e0000000)
  object space 93696K, 37% used [0x00000000a0000000,0x00000000a2264f60,0x00000000a5b80000)
 Metaspace       used 61383K, capacity 64228K, committed 64384K, reserved 1103872K
  class space    used 8465K, capacity 9087K, committed 9088K, reserved 1048576K
}
Event: 11.815 GC heap before
{Heap before GC invocations=17 (full 3):
 PSYoungGen      total 182784K, used 181633K [0x00000000e0000000, 0x00000000ecc80000, 0x0000000100000000)
  eden space 164864K, 100% used [0x00000000e0000000,0x00000000ea100000,0x00000000ea100000)
  from space 17920K, 93% used [0x00000000ea100000,0x00000000eb1605e0,0x00000000eb280000)
  to   space 16384K, 0% used [0x00000000eb280000,0x00000000eb280000,0x00000000ec280000)
 ParOldGen       total 93696K, used 35219K [0x00000000a0000000, 0x00000000a5b80000, 0x00000000e0000000)
  object space 93696K, 37% used [0x00000000a0000000,0x00000000a2264f60,0x00000000a5b80000)
 Metaspace       used 62511K, capacity 65328K, committed 65536K, reserved 1105920K
  class space    used 8538K, capacity 9127K, committed 9216K, reserved 1048576K
Event: 11.843 GC heap after
Heap after GC invocations=17 (full 3):
 PSYoungGen      total 181248K, used 16362K [0x00000000e0000000, 0x00000000ecc80000, 0x0000000100000000)
  eden space 164864K, 0% used [0x00000000e0000000,0x00000000e0000000,0x00000000ea100000)
  from space 16384K, 99% used [0x00000000eb280000,0x00000000ec27ab60,0x00000000ec280000)
  to   space 17920K, 0% used [0x00000000ea100000,0x00000000ea100000,0x00000000eb280000)
 ParOldGen       total 93696K, used 54918K [0x00000000a0000000, 0x00000000a5b80000, 0x00000000e0000000)
  object space 93696K, 58% used [0x00000000a0000000,0x00000000a35a1a98,0x00000000a5b80000)
 Metaspace       used 62511K, capacity 65328K, committed 65536K, reserved 1105920K
  class space    used 8538K, capacity 9127K, committed 9216K, reserved 1048576K
}

